<?xml version="1.0" encoding="UTF-8"?>
<!-- Generated by org.testng.reporters.JUnitXMLReporter -->
<testsuite hostname="CDC2-D-CJ8NXJ2" ignored="0" name="Default test" tests="4" failures="0" timestamp="24 Sep 2019 08:37:34 GMT" time="48.839" errors="0">
  <testcase name="testRegistration" time="16.959" classname="case_study.Automation.OnlineShoppingTest"/>
  <testcase name="testLogin" time="2.832" classname="case_study.Automation.OnlineShoppingTest"/>
  <testcase name="testCart" time="1.762" classname="case_study.Automation.OnlineShoppingTest"/>
  <testcase name="testPayment" time="8.054" classname="case_study.Automation.OnlineShoppingTest"/>
</testsuite> <!-- Default test -->
