<?xml version="1.0" encoding="UTF-8"?>
<testng-results skipped="0" failed="0" ignored="0" total="4" passed="4">
  <reporter-output>
  </reporter-output>
  <suite name="Default suite" duration-ms="48839" started-at="2019-09-24T08:36:46Z" finished-at="2019-09-24T08:37:34Z">
    <groups>
    </groups>
    <test name="Default test" duration-ms="48839" started-at="2019-09-24T08:36:46Z" finished-at="2019-09-24T08:37:34Z">
      <class name="case_study.Automation.OnlineShoppingTest">
        <test-method status="PASS" signature="startReportBeforeTest()[pri:0, instance:case_study.Automation.OnlineShoppingTest@68c4039c]" name="startReportBeforeTest" is-config="true" duration-ms="14762" started-at="2019-09-24T08:36:46Z" finished-at="2019-09-24T08:37:00Z">
          <reporter-output>
          </reporter-output>
        </test-method> <!-- startReportBeforeTest -->
        <test-method status="PASS" signature="testRegistration()[pri:1, instance:case_study.Automation.OnlineShoppingTest@68c4039c]" name="testRegistration" duration-ms="16959" started-at="2019-09-24T08:37:00Z" finished-at="2019-09-24T08:37:17Z">
          <reporter-output>
          </reporter-output>
        </test-method> <!-- testRegistration -->
        <test-method status="PASS" signature="getResultAfterMethod(org.testng.ITestResult)[pri:0, instance:case_study.Automation.OnlineShoppingTest@68c4039c]" name="getResultAfterMethod" is-config="true" duration-ms="2353" started-at="2019-09-24T08:37:17Z" finished-at="2019-09-24T08:37:20Z">
          <params>
            <param index="0">
              <value>
                <![CDATA[[TestResult name=testRegistration status=SUCCESS method=OnlineShoppingTest.testRegistration()[pri:1, instance:case_study.Automation.OnlineShoppingTest@68c4039c] output={null}]]]>
              </value>
            </param>
          </params>
          <reporter-output>
          </reporter-output>
        </test-method> <!-- getResultAfterMethod -->
        <test-method status="PASS" signature="testLogin()[pri:2, instance:case_study.Automation.OnlineShoppingTest@68c4039c]" name="testLogin" duration-ms="2832" started-at="2019-09-24T08:37:20Z" finished-at="2019-09-24T08:37:23Z">
          <reporter-output>
          </reporter-output>
        </test-method> <!-- testLogin -->
        <test-method status="PASS" signature="getResultAfterMethod(org.testng.ITestResult)[pri:0, instance:case_study.Automation.OnlineShoppingTest@68c4039c]" name="getResultAfterMethod" is-config="true" duration-ms="566" started-at="2019-09-24T08:37:23Z" finished-at="2019-09-24T08:37:23Z">
          <params>
            <param index="0">
              <value>
                <![CDATA[[TestResult name=testLogin status=SUCCESS method=OnlineShoppingTest.testLogin()[pri:2, instance:case_study.Automation.OnlineShoppingTest@68c4039c] output={null}]]]>
              </value>
            </param>
          </params>
          <reporter-output>
          </reporter-output>
        </test-method> <!-- getResultAfterMethod -->
        <test-method status="PASS" signature="testCart()[pri:3, instance:case_study.Automation.OnlineShoppingTest@68c4039c]" name="testCart" duration-ms="1762" started-at="2019-09-24T08:37:23Z" depends-on-methods="case_study.Automation.OnlineShoppingTest.testLogin" finished-at="2019-09-24T08:37:25Z">
          <reporter-output>
          </reporter-output>
        </test-method> <!-- testCart -->
        <test-method status="PASS" signature="getResultAfterMethod(org.testng.ITestResult)[pri:0, instance:case_study.Automation.OnlineShoppingTest@68c4039c]" name="getResultAfterMethod" is-config="true" duration-ms="423" started-at="2019-09-24T08:37:25Z" finished-at="2019-09-24T08:37:25Z">
          <params>
            <param index="0">
              <value>
                <![CDATA[[TestResult name=testCart status=SUCCESS method=OnlineShoppingTest.testCart()[pri:3, instance:case_study.Automation.OnlineShoppingTest@68c4039c] output={null}]]]>
              </value>
            </param>
          </params>
          <reporter-output>
          </reporter-output>
        </test-method> <!-- getResultAfterMethod -->
        <test-method status="PASS" signature="testPayment()[pri:4, instance:case_study.Automation.OnlineShoppingTest@68c4039c]" name="testPayment" duration-ms="8054" started-at="2019-09-24T08:37:25Z" finished-at="2019-09-24T08:37:33Z">
          <reporter-output>
          </reporter-output>
        </test-method> <!-- testPayment -->
        <test-method status="PASS" signature="getResultAfterMethod(org.testng.ITestResult)[pri:0, instance:case_study.Automation.OnlineShoppingTest@68c4039c]" name="getResultAfterMethod" is-config="true" duration-ms="379" started-at="2019-09-24T08:37:33Z" finished-at="2019-09-24T08:37:34Z">
          <params>
            <param index="0">
              <value>
                <![CDATA[[TestResult name=testPayment status=SUCCESS method=OnlineShoppingTest.testPayment()[pri:4, instance:case_study.Automation.OnlineShoppingTest@68c4039c] output={null}]]]>
              </value>
            </param>
          </params>
          <reporter-output>
          </reporter-output>
        </test-method> <!-- getResultAfterMethod -->
        <test-method status="PASS" signature="endReportAfterTest()[pri:0, instance:case_study.Automation.OnlineShoppingTest@68c4039c]" name="endReportAfterTest" is-config="true" duration-ms="697" started-at="2019-09-24T08:37:34Z" finished-at="2019-09-24T08:37:34Z">
          <reporter-output>
          </reporter-output>
        </test-method> <!-- endReportAfterTest -->
      </class> <!-- case_study.Automation.OnlineShoppingTest -->
    </test> <!-- Default test -->
  </suite> <!-- Default suite -->
</testng-results>
